Arguments: 
  C:\Users\babyb\.nvm\versions\node\v20.3.0\bin\node.exe C:\Users\babyb\.nvm\versions\node\v20.3.0\bin\node_modules\yarn\bin\yarn.js add @types/fetch

PATH: 
  C:\Users\babyb\AppData\Local\Programs\Python\Python310\Scripts\;C:\Users\babyb\AppData\Local\Programs\Python\Python310\;C:\Program Files (x86)\Common Files\Intel\Shared Libraries\redist\intel64\compiler;C:\Program Files (x86)\Razer Chroma SDK\bin;C:\Program Files\Razer Chroma SDK\bin;C:\Program Files (x86)\Razer\ChromaBroadcast\bin;C:\Program Files\Razer\ChromaBroadcast\bin;C:\Program Files (x86)\Common Files\Oracle\Java\javapath;C:\Program Files\Hardwipe\;C:\WINDOWS\system32;C:\WINDOWS;C:\WINDOWS\System32\Wbem;C:\WINDOWS\System32\WindowsPowerShell\v1.0\;C:\WINDOWS\System32\OpenSSH\;C:\Program Files\NVIDIA Corporation\NVIDIA NvDLISR;C:\Program Files\dotnet\;C:\Program Files (x86)\NVIDIA Corporation\PhysX\Common;C:\WINDOWS\system32\config\systemprofile\AppData\Local\Microsoft\WindowsApps;C:\Users\babyb\AppData\Local\Microsoft\WindowsApps;C:\Users\babyb\.dotnet\tools;C:\Program Files\Git\cmd;C:\FFmpeg\bin;C:\ProgramData\chocolatey\bin;C:\tools\Manim\Scripts;C:\Users\babyb\.nvm\versions\node\v20.3.0\bin\;D:\TyeDesigns\Postgresql\bin;C:\Users\babyb\AppData\Local\Microsoft\WindowsApps;C:\FFmpeg\bin;C:\Users\babyb\AppData\Local\Programs\Microsoft VS Code\bin;C:\Users\babyb\AppData\Local\Programs\MiKTeX\miktex\bin\x64\;C:\Users\babyb\.dotnet\tools;C:\Users\babyb\AppData\Local\GitHubDesktop\bin;C:\Users\babyb\.nvm\versions\node\v20.3.0\bin\;;C:\Program Files\mitmproxy\bin

Yarn version: 
  1.22.19

Node version: 
  20.3.0

Platform: 
  win32 x64

Trace: 
  Error: https://registry.yarnpkg.com/@types%2ffetch: Not found
      at params.callback [as _callback] (C:\Users\babyb\.nvm\versions\node\v20.3.0\bin\node_modules\yarn\lib\cli.js:66145:18)
      at self.callback (C:\Users\babyb\.nvm\versions\node\v20.3.0\bin\node_modules\yarn\lib\cli.js:140890:22)
      at Request.emit (node:events:511:28)
      at Request.<anonymous> (C:\Users\babyb\.nvm\versions\node\v20.3.0\bin\node_modules\yarn\lib\cli.js:141862:10)
      at Request.emit (node:events:511:28)
      at IncomingMessage.<anonymous> (C:\Users\babyb\.nvm\versions\node\v20.3.0\bin\node_modules\yarn\lib\cli.js:141784:12)
      at Object.onceWrapper (node:events:625:28)
      at IncomingMessage.emit (node:events:523:35)
      at endReadableNT (node:internal/streams/readable:1367:12)
      at process.processTicksAndRejections (node:internal/process/task_queues:82:21)

npm manifest: 
  {
    "dependencies": {
      "fetch": "^1.1.0"
    },
    "scripts": {
      "start": "node script.js"
    },
    "name": "playgroundd",
    "version": "1.0.0",
    "main": "script.js",
    "author": "Tye",
    "license": "MIT",
    "private": false
  }

yarn manifest: 
  No manifest

Lockfile: 
  # THIS IS AN AUTOGENERATED FILE. DO NOT EDIT THIS FILE DIRECTLY.
  # yarn lockfile v1
  
  
  biskviit@1.0.1:
    version "1.0.1"
    resolved "https://registry.yarnpkg.com/biskviit/-/biskviit-1.0.1.tgz#037a0cd4b71b9e331fd90a1122de17dc49e420a7"
    integrity sha512-VGCXdHbdbpEkFgtjkeoBN8vRlbj1ZRX2/mxhE8asCCRalUx2nBzOomLJv8Aw/nRt5+ccDb+tPKidg4XxcfGW4w==
    dependencies:
      psl "^1.1.7"
  
  encoding@0.1.12:
    version "0.1.12"
    resolved "https://registry.yarnpkg.com/encoding/-/encoding-0.1.12.tgz#538b66f3ee62cd1ab51ec323829d1f9480c74beb"
    integrity sha512-bl1LAgiQc4ZWr++pNYUdRe/alecaHFeHxIJ/pNciqGdKXghaTCOwKkbKp6ye7pKZGu/GcaSXFk8PBVhgs+dJdA==
    dependencies:
      iconv-lite "~0.4.13"
  
  fetch@^1.1.0:
    version "1.1.0"
    resolved "https://registry.yarnpkg.com/fetch/-/fetch-1.1.0.tgz#0a8279f06be37f9f0ebb567560a30a480da59a2e"
    integrity sha512-5O8TwrGzoNblBG/jtK4NFuZwNCkZX6s5GfRNOaGtm+QGJEuNakSC/i2RW0R93KX6E0jVjNXm6O3CRN4Ql3K+yA==
    dependencies:
      biskviit "1.0.1"
      encoding "0.1.12"
  
  iconv-lite@~0.4.13:
    version "0.4.24"
    resolved "https://registry.yarnpkg.com/iconv-lite/-/iconv-lite-0.4.24.tgz#2022b4b25fbddc21d2f524974a474aafe733908b"
    integrity sha512-v3MXnZAcvnywkTUEZomIActle7RXXeedOR31wwl7VlyoXO4Qi9arvSenNQWne1TcRwhCL1HwLI21bEqdpj8/rA==
    dependencies:
      safer-buffer ">= 2.1.2 < 3"
  
  psl@^1.1.7:
    version "1.9.0"
    resolved "https://registry.yarnpkg.com/psl/-/psl-1.9.0.tgz#d0df2a137f00794565fcaf3b2c00cd09f8d5a5a7"
    integrity sha512-E/ZsdU4HLs/68gYzgGTkMicWTLPdAftJLfJFlLUAAKZGkStNU72sZjT66SnMDVOfOWY/YAoiD7Jxa9iHvngcag==
  
  "safer-buffer@>= 2.1.2 < 3":
    version "2.1.2"
    resolved "https://registry.yarnpkg.com/safer-buffer/-/safer-buffer-2.1.2.tgz#44fa161b0187b9549dd84bb91802f9bd8385cd6a"
    integrity sha512-YZo3K82SD7Riyi0E1EQPojLz7kpepnSQI9IyPbHHg1XXXevb5dJI7tpyN2ADxGcQbHG7vcyRHk0cbwqcQriUtg==
